/*C1*/SET SCHEMA SYSTEM_LOBS
INSERT INTO LOB_IDS VALUES(3,4,0,40)
ALTER SEQUENCE SYSTEM_LOBS.LOB_ID RESTART WITH 4
COMMIT
DELETE FROM BLOCKS WHERE BLOCK_ADDR=2
INSERT INTO BLOCKS VALUES(2,1,0)
INSERT INTO BLOCKS VALUES(3,2147483644,0)
DELETE FROM BLOCKS WHERE BLOCK_ADDR=2
INSERT INTO LOBS VALUES(2,1,0,3)
COMMIT
/*C4*/SET SCHEMA PUBLIC
DELETE FROM TICKET WHERE TICKET_ID=0
INSERT INTO TICKET VALUES(0,'2015-12-28 14:04:56.963000',3,'Test-Ticket1',0)
SET SCHEMA SYSTEM_LOBS
DELETE FROM LOB_IDS WHERE LOB_ID=1
INSERT INTO LOB_IDS VALUES(1,12,0,40)
DELETE FROM LOB_IDS WHERE LOB_ID=3
INSERT INTO LOB_IDS VALUES(3,4,1,40)
COMMIT
/*C1*/INSERT INTO LOB_IDS VALUES(4,10,0,40)
ALTER SEQUENCE SYSTEM_LOBS.LOB_ID RESTART WITH 5
COMMIT
DELETE FROM BLOCKS WHERE BLOCK_ADDR=3
INSERT INTO BLOCKS VALUES(3,1,0)
INSERT INTO BLOCKS VALUES(4,2147483643,0)
DELETE FROM BLOCKS WHERE BLOCK_ADDR=3
INSERT INTO LOBS VALUES(3,1,0,4)
COMMIT
/*C4*/SET SCHEMA PUBLIC
DELETE FROM TICKET WHERE TICKET_ID=0
INSERT INTO TICKET VALUES(0,'2015-12-28 14:04:56.963000',4,'Test-Ticket1',0)
SET SCHEMA SYSTEM_LOBS
DELETE FROM LOB_IDS WHERE LOB_ID=3
INSERT INTO LOB_IDS VALUES(3,4,0,40)
DELETE FROM LOB_IDS WHERE LOB_ID=4
INSERT INTO LOB_IDS VALUES(4,10,1,40)
COMMIT
/*C1*/INSERT INTO LOB_IDS VALUES(5,0,0,40)
ALTER SEQUENCE SYSTEM_LOBS.LOB_ID RESTART WITH 6
COMMIT
/*C4*/SET SCHEMA PUBLIC
DELETE FROM TICKET WHERE TICKET_ID=0
INSERT INTO TICKET VALUES(0,'2015-12-28 14:04:56.963000',5,'Test-Ticket1',0)
SET SCHEMA SYSTEM_LOBS
DELETE FROM LOB_IDS WHERE LOB_ID=4
INSERT INTO LOB_IDS VALUES(4,10,0,40)
DELETE FROM LOB_IDS WHERE LOB_ID=5
INSERT INTO LOB_IDS VALUES(5,0,1,40)
COMMIT
/*C1*/INSERT INTO LOB_IDS VALUES(6,0,0,40)
ALTER SEQUENCE SYSTEM_LOBS.LOB_ID RESTART WITH 7
COMMIT
/*C4*/SET SCHEMA PUBLIC
DELETE FROM TICKET WHERE TICKET_ID=1
INSERT INTO TICKET VALUES(1,'2015-12-28 14:10:40.723000',6,'Test-Ticket2',1)
SET SCHEMA SYSTEM_LOBS
DELETE FROM LOB_IDS WHERE LOB_ID=2
INSERT INTO LOB_IDS VALUES(2,12,0,40)
DELETE FROM LOB_IDS WHERE LOB_ID=6
INSERT INTO LOB_IDS VALUES(6,0,1,40)
COMMIT
SET SCHEMA PUBLIC
DISCONNECT
